<?xml version="1.0" encoding="UTF-8"?>
<testng-results ignored="0" total="1" passed="1" failed="0" skipped="0">
  <reporter-output>
  </reporter-output>
  <suite started-at="2023-07-13T12:37:56 EDT" name="Default suite" finished-at="2023-07-13T12:38:15 EDT" duration-ms="18763">
    <groups>
    </groups>
    <test started-at="2023-07-13T12:37:56 EDT" name="Default test" finished-at="2023-07-13T12:38:15 EDT" duration-ms="18763">
      <class name="automationFramework.TestCase">
        <test-method is-config="true" signature="setup()[pri:0, instance:automationFramework.TestCase@6bedbc4d]" started-at="2023-07-13T12:37:56 EDT" name="setup" finished-at="2023-07-13T12:38:04 EDT" duration-ms="7756" status="PASS">
          <reporter-output>
          </reporter-output>
        </test-method> <!-- setup -->
        <test-method signature="login()[pri:0, instance:automationFramework.TestCase@6bedbc4d]" started-at="2023-07-13T12:38:04 EDT" name="login" finished-at="2023-07-13T12:38:14 EDT" duration-ms="9914" status="PASS">
          <reporter-output>
          </reporter-output>
        </test-method> <!-- login -->
        <test-method is-config="true" signature="tear()[pri:0, instance:automationFramework.TestCase@6bedbc4d]" started-at="2023-07-13T12:38:14 EDT" name="tear" finished-at="2023-07-13T12:38:15 EDT" duration-ms="999" status="PASS">
          <reporter-output>
          </reporter-output>
        </test-method> <!-- tear -->
      </class> <!-- automationFramework.TestCase -->
    </test> <!-- Default test -->
  </suite> <!-- Default suite -->
</testng-results>
